Traceback (most recent call last):
  File "/home/ec2-user/ADChemto-intranet-system/backend/venv/bin/uvicorn", line 8, in <module>
    sys.exit(main())
  File "/home/ec2-user/ADChemto-intranet-system/backend/venv/lib64/python3.9/site-packages/click/core.py", line 1161, in __call__
    return self.main(*args, **kwargs)
  File "/home/ec2-user/ADChemto-intranet-system/backend/venv/lib64/python3.9/site-packages/click/core.py", line 1082, in main
    rv = self.invoke(ctx)
  File "/home/ec2-user/ADChemto-intranet-system/backend/venv/lib64/python3.9/site-packages/click/core.py", line 1443, in invoke
    return ctx.invoke(self.callback, **ctx.params)
  File "/home/ec2-user/ADChemto-intranet-system/backend/venv/lib64/python3.9/site-packages/click/core.py", line 788, in invoke
    return __callback(*args, **kwargs)
  File "/home/ec2-user/ADChemto-intranet-system/backend/venv/lib64/python3.9/site-packages/uvicorn/main.py", line 416, in main
    run(
  File "/home/ec2-user/ADChemto-intranet-system/backend/venv/lib64/python3.9/site-packages/uvicorn/main.py", line 587, in run
    server.run()
  File "/home/ec2-user/ADChemto-intranet-system/backend/venv/lib64/python3.9/site-packages/uvicorn/server.py", line 61, in run
    return asyncio.run(self.serve(sockets=sockets))
  File "/usr/lib64/python3.9/asyncio/runners.py", line 44, in run
    return loop.run_until_complete(main)
  File "/usr/lib64/python3.9/asyncio/base_events.py", line 647, in run_until_complete
    return future.result()
  File "/home/ec2-user/ADChemto-intranet-system/backend/venv/lib64/python3.9/site-packages/uvicorn/server.py", line 68, in serve
    config.load()
  File "/home/ec2-user/ADChemto-intranet-system/backend/venv/lib64/python3.9/site-packages/uvicorn/config.py", line 467, in load
    self.loaded_app = import_from_string(self.app)
  File "/home/ec2-user/ADChemto-intranet-system/backend/venv/lib64/python3.9/site-packages/uvicorn/importer.py", line 21, in import_from_string
    module = importlib.import_module(module_str)
  File "/usr/lib64/python3.9/importlib/__init__.py", line 127, in import_module
    return _bootstrap._gcd_import(name[level:], package, level)
  File "<frozen importlib._bootstrap>", line 1030, in _gcd_import
  File "<frozen importlib._bootstrap>", line 1007, in _find_and_load
  File "<frozen importlib._bootstrap>", line 986, in _find_and_load_unlocked
  File "<frozen importlib._bootstrap>", line 680, in _load_unlocked
  File "<frozen importlib._bootstrap_external>", line 850, in exec_module
  File "<frozen importlib._bootstrap>", line 228, in _call_with_frames_removed
  File "/home/ec2-user/ADChemto-intranet-system/backend/app/main.py", line 3, in <module>
    from app.routers import auth, users, departments, positions
  File "/home/ec2-user/ADChemto-intranet-system/backend/app/routers/auth.py", line 4, in <module>
    from app.dependencies import get_db, create_access_token, get_current_user
  File "/home/ec2-user/ADChemto-intranet-system/backend/app/dependencies.py", line 5, in <module>
    from app.db.models import User
  File "/home/ec2-user/ADChemto-intranet-system/backend/app/db/models.py", line 253, in <module>
    class AttendanceCreate(BaseModel):
  File "/home/ec2-user/ADChemto-intranet-system/backend/app/db/models.py", line 255, in AttendanceCreate
    check_in: datetime | None = None
TypeError: unsupported operand type(s) for |: 'type' and 'NoneType'
Traceback (most recent call last):
  File "/home/ec2-user/ADChemto-intranet-system/backend/venv/bin/uvicorn", line 8, in <module>
    sys.exit(main())
  File "/home/ec2-user/ADChemto-intranet-system/backend/venv/lib64/python3.9/site-packages/click/core.py", line 1161, in __call__
    return self.main(*args, **kwargs)
  File "/home/ec2-user/ADChemto-intranet-system/backend/venv/lib64/python3.9/site-packages/click/core.py", line 1082, in main
    rv = self.invoke(ctx)
  File "/home/ec2-user/ADChemto-intranet-system/backend/venv/lib64/python3.9/site-packages/click/core.py", line 1443, in invoke
    return ctx.invoke(self.callback, **ctx.params)
  File "/home/ec2-user/ADChemto-intranet-system/backend/venv/lib64/python3.9/site-packages/click/core.py", line 788, in invoke
    return __callback(*args, **kwargs)
  File "/home/ec2-user/ADChemto-intranet-system/backend/venv/lib64/python3.9/site-packages/uvicorn/main.py", line 416, in main
    run(
  File "/home/ec2-user/ADChemto-intranet-system/backend/venv/lib64/python3.9/site-packages/uvicorn/main.py", line 587, in run
    server.run()
  File "/home/ec2-user/ADChemto-intranet-system/backend/venv/lib64/python3.9/site-packages/uvicorn/server.py", line 61, in run
    return asyncio.run(self.serve(sockets=sockets))
  File "/usr/lib64/python3.9/asyncio/runners.py", line 44, in run
    return loop.run_until_complete(main)
  File "/usr/lib64/python3.9/asyncio/base_events.py", line 647, in run_until_complete
    return future.result()
  File "/home/ec2-user/ADChemto-intranet-system/backend/venv/lib64/python3.9/site-packages/uvicorn/server.py", line 68, in serve
    config.load()
  File "/home/ec2-user/ADChemto-intranet-system/backend/venv/lib64/python3.9/site-packages/uvicorn/config.py", line 467, in load
    self.loaded_app = import_from_string(self.app)
  File "/home/ec2-user/ADChemto-intranet-system/backend/venv/lib64/python3.9/site-packages/uvicorn/importer.py", line 21, in import_from_string
    module = importlib.import_module(module_str)
  File "/usr/lib64/python3.9/importlib/__init__.py", line 127, in import_module
    return _bootstrap._gcd_import(name[level:], package, level)
  File "<frozen importlib._bootstrap>", line 1030, in _gcd_import
  File "<frozen importlib._bootstrap>", line 1007, in _find_and_load
  File "<frozen importlib._bootstrap>", line 986, in _find_and_load_unlocked
  File "<frozen importlib._bootstrap>", line 680, in _load_unlocked
  File "<frozen importlib._bootstrap_external>", line 850, in exec_module
  File "<frozen importlib._bootstrap>", line 228, in _call_with_frames_removed
  File "/home/ec2-user/ADChemto-intranet-system/backend/app/main.py", line 3, in <module>
    from app.routers import auth, users, departments, positions
  File "/home/ec2-user/ADChemto-intranet-system/backend/app/routers/auth.py", line 4, in <module>
    from app.dependencies import get_db, create_access_token, get_current_user
  File "/home/ec2-user/ADChemto-intranet-system/backend/app/dependencies.py", line 5, in <module>
    from app.db.models import User
  File "/home/ec2-user/ADChemto-intranet-system/backend/app/db/models.py", line 253, in <module>
    class AttendanceCreate(BaseModel):
  File "/home/ec2-user/ADChemto-intranet-system/backend/app/db/models.py", line 255, in AttendanceCreate
    check_in: datetime | None = None
TypeError: unsupported operand type(s) for |: 'type' and 'NoneType'
Traceback (most recent call last):
  File "/home/ec2-user/ADChemto-intranet-system/backend/venv/bin/uvicorn", line 8, in <module>
    sys.exit(main())
  File "/home/ec2-user/ADChemto-intranet-system/backend/venv/lib64/python3.9/site-packages/click/core.py", line 1161, in __call__
    return self.main(*args, **kwargs)
  File "/home/ec2-user/ADChemto-intranet-system/backend/venv/lib64/python3.9/site-packages/click/core.py", line 1082, in main
    rv = self.invoke(ctx)
  File "/home/ec2-user/ADChemto-intranet-system/backend/venv/lib64/python3.9/site-packages/click/core.py", line 1443, in invoke
    return ctx.invoke(self.callback, **ctx.params)
  File "/home/ec2-user/ADChemto-intranet-system/backend/venv/lib64/python3.9/site-packages/click/core.py", line 788, in invoke
    return __callback(*args, **kwargs)
  File "/home/ec2-user/ADChemto-intranet-system/backend/venv/lib64/python3.9/site-packages/uvicorn/main.py", line 416, in main
    run(
  File "/home/ec2-user/ADChemto-intranet-system/backend/venv/lib64/python3.9/site-packages/uvicorn/main.py", line 587, in run
    server.run()
  File "/home/ec2-user/ADChemto-intranet-system/backend/venv/lib64/python3.9/site-packages/uvicorn/server.py", line 61, in run
    return asyncio.run(self.serve(sockets=sockets))
  File "/usr/lib64/python3.9/asyncio/runners.py", line 44, in run
    return loop.run_until_complete(main)
  File "/usr/lib64/python3.9/asyncio/base_events.py", line 647, in run_until_complete
    return future.result()
  File "/home/ec2-user/ADChemto-intranet-system/backend/venv/lib64/python3.9/site-packages/uvicorn/server.py", line 68, in serve
    config.load()
  File "/home/ec2-user/ADChemto-intranet-system/backend/venv/lib64/python3.9/site-packages/uvicorn/config.py", line 467, in load
    self.loaded_app = import_from_string(self.app)
  File "/home/ec2-user/ADChemto-intranet-system/backend/venv/lib64/python3.9/site-packages/uvicorn/importer.py", line 21, in import_from_string
    module = importlib.import_module(module_str)
  File "/usr/lib64/python3.9/importlib/__init__.py", line 127, in import_module
    return _bootstrap._gcd_import(name[level:], package, level)
  File "<frozen importlib._bootstrap>", line 1030, in _gcd_import
  File "<frozen importlib._bootstrap>", line 1007, in _find_and_load
  File "<frozen importlib._bootstrap>", line 986, in _find_and_load_unlocked
  File "<frozen importlib._bootstrap>", line 680, in _load_unlocked
  File "<frozen importlib._bootstrap_external>", line 850, in exec_module
  File "<frozen importlib._bootstrap>", line 228, in _call_with_frames_removed
  File "/home/ec2-user/ADChemto-intranet-system/backend/app/main.py", line 3, in <module>
    from app.routers import auth, users, departments, positions
  File "/home/ec2-user/ADChemto-intranet-system/backend/app/routers/auth.py", line 4, in <module>
    from app.dependencies import get_db, create_access_token, get_current_user
  File "/home/ec2-user/ADChemto-intranet-system/backend/app/dependencies.py", line 5, in <module>
    from app.db.models import User
  File "/home/ec2-user/ADChemto-intranet-system/backend/app/db/models.py", line 253, in <module>
    class AttendanceCreate(BaseModel):
  File "/home/ec2-user/ADChemto-intranet-system/backend/app/db/models.py", line 255, in AttendanceCreate
    check_in: datetime | None = None
TypeError: unsupported operand type(s) for |: 'type' and 'NoneType'
Traceback (most recent call last):
  File "/home/ec2-user/ADChemto-intranet-system/backend/venv/bin/uvicorn", line 8, in <module>
    sys.exit(main())
  File "/home/ec2-user/ADChemto-intranet-system/backend/venv/lib64/python3.9/site-packages/click/core.py", line 1161, in __call__
    return self.main(*args, **kwargs)
  File "/home/ec2-user/ADChemto-intranet-system/backend/venv/lib64/python3.9/site-packages/click/core.py", line 1082, in main
    rv = self.invoke(ctx)
  File "/home/ec2-user/ADChemto-intranet-system/backend/venv/lib64/python3.9/site-packages/click/core.py", line 1443, in invoke
    return ctx.invoke(self.callback, **ctx.params)
  File "/home/ec2-user/ADChemto-intranet-system/backend/venv/lib64/python3.9/site-packages/click/core.py", line 788, in invoke
    return __callback(*args, **kwargs)
  File "/home/ec2-user/ADChemto-intranet-system/backend/venv/lib64/python3.9/site-packages/uvicorn/main.py", line 416, in main
    run(
  File "/home/ec2-user/ADChemto-intranet-system/backend/venv/lib64/python3.9/site-packages/uvicorn/main.py", line 587, in run
    server.run()
  File "/home/ec2-user/ADChemto-intranet-system/backend/venv/lib64/python3.9/site-packages/uvicorn/server.py", line 61, in run
    return asyncio.run(self.serve(sockets=sockets))
  File "/usr/lib64/python3.9/asyncio/runners.py", line 44, in run
    return loop.run_until_complete(main)
  File "/usr/lib64/python3.9/asyncio/base_events.py", line 647, in run_until_complete
    return future.result()
  File "/home/ec2-user/ADChemto-intranet-system/backend/venv/lib64/python3.9/site-packages/uvicorn/server.py", line 68, in serve
    config.load()
  File "/home/ec2-user/ADChemto-intranet-system/backend/venv/lib64/python3.9/site-packages/uvicorn/config.py", line 467, in load
    self.loaded_app = import_from_string(self.app)
  File "/home/ec2-user/ADChemto-intranet-system/backend/venv/lib64/python3.9/site-packages/uvicorn/importer.py", line 21, in import_from_string
    module = importlib.import_module(module_str)
  File "/usr/lib64/python3.9/importlib/__init__.py", line 127, in import_module
    return _bootstrap._gcd_import(name[level:], package, level)
  File "<frozen importlib._bootstrap>", line 1030, in _gcd_import
  File "<frozen importlib._bootstrap>", line 1007, in _find_and_load
  File "<frozen importlib._bootstrap>", line 986, in _find_and_load_unlocked
  File "<frozen importlib._bootstrap>", line 680, in _load_unlocked
  File "<frozen importlib._bootstrap_external>", line 850, in exec_module
  File "<frozen importlib._bootstrap>", line 228, in _call_with_frames_removed
  File "/home/ec2-user/ADChemto-intranet-system/backend/app/main.py", line 3, in <module>
    from app.routers import auth, users, departments, positions
  File "/home/ec2-user/ADChemto-intranet-system/backend/app/routers/auth.py", line 4, in <module>
    from app.dependencies import get_db, create_access_token, get_current_user
  File "/home/ec2-user/ADChemto-intranet-system/backend/app/dependencies.py", line 5, in <module>
    from app.db.models import User
  File "/home/ec2-user/ADChemto-intranet-system/backend/app/db/models.py", line 253, in <module>
    class AttendanceCreate(BaseModel):
  File "/home/ec2-user/ADChemto-intranet-system/backend/app/db/models.py", line 255, in AttendanceCreate
    check_in: datetime | None = None
TypeError: unsupported operand type(s) for |: 'type' and 'NoneType'
/home/ec2-user/ADChemto-intranet-system/backend/venv/lib64/python3.9/site-packages/pydantic/_internal/_config.py:321: UserWarning: Valid config keys have changed in V2:
* 'orm_mode' has been renamed to 'from_attributes'
  warnings.warn(message, UserWarning)
Traceback (most recent call last):
  File "/home/ec2-user/ADChemto-intranet-system/backend/venv/bin/uvicorn", line 8, in <module>
    sys.exit(main())
  File "/home/ec2-user/ADChemto-intranet-system/backend/venv/lib64/python3.9/site-packages/click/core.py", line 1161, in __call__
    return self.main(*args, **kwargs)
  File "/home/ec2-user/ADChemto-intranet-system/backend/venv/lib64/python3.9/site-packages/click/core.py", line 1082, in main
    rv = self.invoke(ctx)
  File "/home/ec2-user/ADChemto-intranet-system/backend/venv/lib64/python3.9/site-packages/click/core.py", line 1443, in invoke
    return ctx.invoke(self.callback, **ctx.params)
  File "/home/ec2-user/ADChemto-intranet-system/backend/venv/lib64/python3.9/site-packages/click/core.py", line 788, in invoke
    return __callback(*args, **kwargs)
  File "/home/ec2-user/ADChemto-intranet-system/backend/venv/lib64/python3.9/site-packages/uvicorn/main.py", line 416, in main
    run(
  File "/home/ec2-user/ADChemto-intranet-system/backend/venv/lib64/python3.9/site-packages/uvicorn/main.py", line 587, in run
    server.run()
  File "/home/ec2-user/ADChemto-intranet-system/backend/venv/lib64/python3.9/site-packages/uvicorn/server.py", line 61, in run
    return asyncio.run(self.serve(sockets=sockets))
  File "/usr/lib64/python3.9/asyncio/runners.py", line 44, in run
    return loop.run_until_complete(main)
  File "/usr/lib64/python3.9/asyncio/base_events.py", line 647, in run_until_complete
    return future.result()
  File "/home/ec2-user/ADChemto-intranet-system/backend/venv/lib64/python3.9/site-packages/uvicorn/server.py", line 68, in serve
    config.load()
  File "/home/ec2-user/ADChemto-intranet-system/backend/venv/lib64/python3.9/site-packages/uvicorn/config.py", line 467, in load
    self.loaded_app = import_from_string(self.app)
  File "/home/ec2-user/ADChemto-intranet-system/backend/venv/lib64/python3.9/site-packages/uvicorn/importer.py", line 21, in import_from_string
    module = importlib.import_module(module_str)
  File "/usr/lib64/python3.9/importlib/__init__.py", line 127, in import_module
    return _bootstrap._gcd_import(name[level:], package, level)
  File "<frozen importlib._bootstrap>", line 1030, in _gcd_import
  File "<frozen importlib._bootstrap>", line 1007, in _find_and_load
  File "<frozen importlib._bootstrap>", line 986, in _find_and_load_unlocked
  File "<frozen importlib._bootstrap>", line 680, in _load_unlocked
  File "<frozen importlib._bootstrap_external>", line 850, in exec_module
  File "<frozen importlib._bootstrap>", line 228, in _call_with_frames_removed
  File "/home/ec2-user/ADChemto-intranet-system/backend/app/main.py", line 3, in <module>
    from app.routers import auth, users, departments, positions
  File "/home/ec2-user/ADChemto-intranet-system/backend/app/routers/auth.py", line 4, in <module>
    from app.dependencies import get_db, create_access_token, get_current_user
  File "/home/ec2-user/ADChemto-intranet-system/backend/app/dependencies.py", line 5, in <module>
    from app.db.models import User
  File "/home/ec2-user/ADChemto-intranet-system/backend/app/db/models.py", line 286, in <module>
    class AssetCreate(BaseModel):
  File "/home/ec2-user/ADChemto-intranet-system/backend/app/db/models.py", line 291, in AssetCreate
    location: str | None = None
TypeError: unsupported operand type(s) for |: 'type' and 'NoneType'
